# JRE version: OpenJDK Runtime Environment Temurin-21.0.10+7 (21.0.10+7) (build 21.0.10+7-LTS)
# Java VM: OpenJDK 64-Bit Server VM Temurin-21.0.10+7 (21.0.10+7-LTS, mixed mode, sharing, tiered, compressed oops, compressed class ptrs, parallel gc, windows-amd64)
GC Precious Log:
 CardTable entry size: 512
 CPUs: 8 total, 8 available
 Memory: 16198M
 Large Page Support: Disabled
 NUMA Support: Disabled
 Compressed Oops: Enabled (32-bit)
 Alignments: Space 512K, Generation 512K, Heap 2M
 Heap Min Capacity: 100M
 Heap Initial Capacity: 100M
 Heap Max Capacity: 2G
 Pre-touch: Disabled
 Parallel Workers: 8
Heap:
 PSYoungGen      total 7168K, used 3685K [0x00000000d5580000, 0x00000000d6400000, 0x0000000100000000)
  eden space 6656K, 52% used [0x00000000d5580000,0x00000000d58e14e8,0x00000000d5c00000)
  from space 512K, 43% used [0x00000000d6300000,0x00000000d6338000,0x00000000d6380000)
  to   space 512K, 0% used [0x00000000d6380000,0x00000000d6380000,0x00000000d6400000)
 ParOldGen       total 1271808K, used 1270961K [0x0000000080000000, 0x00000000cda00000, 0x00000000d5580000)
  object space 1271808K, 99% used [0x0000000080000000,0x00000000cd92c7b0,0x00000000cda00000)
 Metaspace       used 96308K, committed 98304K, reserved 1179648K
  class space    used 9997K, committed 10880K, reserved 1048576K
GC Heap History (20 events):
Event: 686.571 GC heap before
{Heap before GC invocations=2937 (full 5):
 PSYoungGen      total 10752K, used 7424K [0x00000000d5580000, 0x00000000d6500000, 0x0000000100000000)
  eden space 6656K, 100% used [0x00000000d5580000,0x00000000d5c00000,0x00000000d5c00000)
  from space 4096K, 18% used [0x00000000d5e80000,0x00000000d5f40000,0x00000000d6280000)
  to   space 1536K, 0% used [0x00000000d6380000,0x00000000d6380000,0x00000000d6500000)
 ParOldGen       total 1206272K, used 1206260K [0x0000000080000000, 0x00000000c9a00000, 0x00000000d5580000)
  object space 1206272K, 99% used [0x0000000080000000,0x00000000c99fd2f0,0x00000000c9a00000)
 Metaspace       used 96242K, committed 98176K, reserved 1179648K
  class space    used 9995K, committed 10880K, reserved 1048576K
}
Event: 686.580 GC heap after
{Heap after GC invocations=2937 (full 5):
 PSYoungGen      total 7680K, used 810K [0x00000000d5580000, 0x00000000d6480000, 0x0000000100000000)
  eden space 6656K, 0% used [0x00000000d5580000,0x00000000d5580000,0x00000000d5c00000)
  from space 1024K, 79% used [0x00000000d6380000,0x00000000d644a910,0x00000000d6480000)
  to   space 1024K, 0% used [0x00000000d6280000,0x00000000d6280000,0x00000000d6380000)
 ParOldGen       total 1207296K, used 1206932K [0x0000000080000000, 0x00000000c9b00000, 0x00000000d5580000)
  object space 1207296K, 99% used [0x0000000080000000,0x00000000c9aa5310,0x00000000c9b00000)
 Metaspace       used 96242K, committed 98176K, reserved 1179648K
  class space    used 9995K, committed 10880K, reserved 1048576K
}
Event: 686.629 GC heap before
{Heap before GC invocations=2938 (full 5):
 PSYoungGen      total 7680K, used 7466K [0x00000000d5580000, 0x00000000d6480000, 0x0000000100000000)
  eden space 6656K, 100% used [0x00000000d5580000,0x00000000d5c00000,0x00000000d5c00000)
  from space 1024K, 79% used [0x00000000d6380000,0x00000000d644a910,0x00000000d6480000)
  to   space 1024K, 0% used [0x00000000d6280000,0x00000000d6280000,0x00000000d6380000)
 ParOldGen       total 1207296K, used 1206932K [0x0000000080000000, 0x00000000c9b00000, 0x00000000d5580000)
  object space 1207296K, 99% used [0x0000000080000000,0x00000000c9aa5310,0x00000000c9b00000)
 Metaspace       used 96242K, committed 98176K, reserved 1179648K
  class space    used 9995K, committed 10880K, reserved 1048576K
}
Event: 686.636 GC heap after
{Heap after GC invocations=2938 (full 5):
 PSYoungGen      total 7680K, used 864K [0x00000000d5580000, 0x00000000d6400000, 0x0000000100000000)
  eden space 6656K, 0% used [0x00000000d5580000,0x00000000d5580000,0x00000000d5c00000)
  from space 1024K, 84% used [0x00000000d6280000,0x00000000d6358000,0x00000000d6380000)
  to   space 512K, 0% used [0x00000000d6380000,0x00000000d6380000,0x00000000d6400000)
 ParOldGen       total 1207808K, used 1207581K [0x0000000080000000, 0x00000000c9b80000, 0x00000000d5580000)
  object space 1207808K, 99% used [0x0000000080000000,0x00000000c9b47530,0x00000000c9b80000)
 Metaspace       used 96242K, committed 98176K, reserved 1179648K
  class space    used 9995K, committed 10880K, reserved 1048576K
}
Event: 742.491 GC heap before
{Heap before GC invocations=2939 (full 5):
 PSYoungGen      total 7680K, used 7520K [0x00000000d5580000, 0x00000000d6400000, 0x0000000100000000)
  eden space 6656K, 100% used [0x00000000d5580000,0x00000000d5c00000,0x00000000d5c00000)
  from space 1024K, 84% used [0x00000000d6280000,0x00000000d6358000,0x00000000d6380000)
  to   space 512K, 0% used [0x00000000d6380000,0x00000000d6380000,0x00000000d6400000)
 ParOldGen       total 1207808K, used 1207581K [0x0000000080000000, 0x00000000c9b80000, 0x00000000d5580000)
  object space 1207808K, 99% used [0x0000000080000000,0x00000000c9b47530,0x00000000c9b80000)
 Metaspace       used 96268K, committed 98304K, reserved 1179648K
  class space    used 9996K, committed 10880K, reserved 1048576K
}
Event: 742.498 GC heap after
{Heap after GC invocations=2939 (full 5):
 PSYoungGen      total 7168K, used 288K [0x00000000d5580000, 0x00000000d6400000, 0x0000000100000000)
  eden space 6656K, 0% used [0x00000000d5580000,0x00000000d5580000,0x00000000d5c00000)
  from space 512K, 56% used [0x00000000d6380000,0x00000000d63c8000,0x00000000d6400000)
  to   space 512K, 0% used [0x00000000d6300000,0x00000000d6300000,0x00000000d6380000)
 ParOldGen       total 1208320K, used 1208285K [0x0000000080000000, 0x00000000c9c00000, 0x00000000d5580000)
  object space 1208320K, 99% used [0x0000000080000000,0x00000000c9bf7530,0x00000000c9c00000)
 Metaspace       used 96268K, committed 98304K, reserved 1179648K
  class space    used 9996K, committed 10880K, reserved 1048576K
}
Event: 754.855 GC heap before
{Heap before GC invocations=2940 (full 5):
 PSYoungGen      total 7168K, used 6944K [0x00000000d5580000, 0x00000000d6400000, 0x0000000100000000)
  eden space 6656K, 100% used [0x00000000d5580000,0x00000000d5c00000,0x00000000d5c00000)
  from space 512K, 56% used [0x00000000d6380000,0x00000000d63c8000,0x00000000d6400000)
  to   space 512K, 0% used [0x00000000d6300000,0x00000000d6300000,0x00000000d6380000)
 ParOldGen       total 1240064K, used 1239005K [0x0000000080000000, 0x00000000cbb00000, 0x00000000d5580000)
  object space 1240064K, 99% used [0x0000000080000000,0x00000000cb9f7560,0x00000000cbb00000)
 Metaspace       used 96288K, committed 98304K, reserved 1179648K
  class space    used 9997K, committed 10880K, reserved 1048576K
}
Event: 754.859 GC heap after
{Heap after GC invocations=2940 (full 5):
 PSYoungGen      total 7168K, used 288K [0x00000000d5580000, 0x00000000d6400000, 0x0000000100000000)
  eden space 6656K, 0% used [0x00000000d5580000,0x00000000d5580000,0x00000000d5c00000)
  from space 512K, 56% used [0x00000000d6300000,0x00000000d6348000,0x00000000d6380000)
  to   space 512K, 0% used [0x00000000d6380000,0x00000000d6380000,0x00000000d6400000)
 ParOldGen       total 1240064K, used 1239125K [0x0000000080000000, 0x00000000cbb00000, 0x00000000d5580000)
  object space 1240064K, 99% used [0x0000000080000000,0x00000000cba15570,0x00000000cbb00000)
 Metaspace       used 96288K, committed 98304K, reserved 1179648K
  class space    used 9997K, committed 10880K, reserved 1048576K
}
Event: 781.550 GC heap before
{Heap before GC invocations=2941 (full 5):
 PSYoungGen      total 7168K, used 6944K [0x00000000d5580000, 0x00000000d6400000, 0x0000000100000000)
  eden space 6656K, 100% used [0x00000000d5580000,0x00000000d5c00000,0x00000000d5c00000)
  from space 512K, 56% used [0x00000000d6300000,0x00000000d6348000,0x00000000d6380000)
  to   space 512K, 0% used [0x00000000d6380000,0x00000000d6380000,0x00000000d6400000)
 ParOldGen       total 1271808K, used 1269845K [0x0000000080000000, 0x00000000cda00000, 0x00000000d5580000)
  object space 1271808K, 99% used [0x0000000080000000,0x00000000cd8155a0,0x00000000cda00000)
 Metaspace       used 96291K, committed 98304K, reserved 1179648K
  class space    used 9997K, committed 10880K, reserved 1048576K
}
Event: 781.555 GC heap after
{Heap after GC invocations=2941 (full 5):
 PSYoungGen      total 7168K, used 272K [0x00000000d5580000, 0x00000000d6400000, 0x0000000100000000)
  eden space 6656K, 0% used [0x00000000d5580000,0x00000000d5580000,0x00000000d5c00000)
  from space 512K, 53% used [0x00000000d6380000,0x00000000d63c4010,0x00000000d6400000)
  to   space 512K, 0% used [0x00000000d6300000,0x00000000d6300000,0x00000000d6380000)
 ParOldGen       total 1271808K, used 1269949K [0x0000000080000000, 0x00000000cda00000, 0x00000000d5580000)
  object space 1271808K, 99% used [0x0000000080000000,0x00000000cd82f5a0,0x00000000cda00000)
 Metaspace       used 96291K, committed 98304K, reserved 1179648K
  class space    used 9997K, committed 10880K, reserved 1048576K
}
Event: 782.017 GC heap before
{Heap before GC invocations=2942 (full 5):
 PSYoungGen      total 7168K, used 6928K [0x00000000d5580000, 0x00000000d6400000, 0x0000000100000000)
  eden space 6656K, 100% used [0x00000000d5580000,0x00000000d5c00000,0x00000000d5c00000)
  from space 512K, 53% used [0x00000000d6380000,0x00000000d63c4010,0x00000000d6400000)
  to   space 512K, 0% used [0x00000000d6300000,0x00000000d6300000,0x00000000d6380000)
 ParOldGen       total 1271808K, used 1269949K [0x0000000080000000, 0x00000000cda00000, 0x00000000d5580000)
  object space 1271808K, 99% used [0x0000000080000000,0x00000000cd82f5a0,0x00000000cda00000)
 Metaspace       used 96292K, committed 98304K, reserved 1179648K
  class space    used 9997K, committed 10880K, reserved 1048576K
}
Event: 782.027 GC heap after
{Heap after GC invocations=2942 (full 5):
 PSYoungGen      total 7168K, used 505K [0x00000000d5580000, 0x00000000d6400000, 0x0000000100000000)
  eden space 6656K, 0% used [0x00000000d5580000,0x00000000d5580000,0x00000000d5c00000)
  from space 512K, 98% used [0x00000000d6300000,0x00000000d637e410,0x00000000d6380000)
  to   space 512K, 0% used [0x00000000d6380000,0x00000000d6380000,0x00000000d6400000)
 ParOldGen       total 1271808K, used 1270189K [0x0000000080000000, 0x00000000cda00000, 0x00000000d5580000)
  object space 1271808K, 99% used [0x0000000080000000,0x00000000cd86b5a0,0x00000000cda00000)
 Metaspace       used 96292K, committed 98304K, reserved 1179648K
  class space    used 9997K, committed 10880K, reserved 1048576K
}
Event: 782.056 GC heap before
{Heap before GC invocations=2943 (full 5):
 PSYoungGen      total 7168K, used 7161K [0x00000000d5580000, 0x00000000d6400000, 0x0000000100000000)
  eden space 6656K, 100% used [0x00000000d5580000,0x00000000d5c00000,0x00000000d5c00000)
  from space 512K, 98% used [0x00000000d6300000,0x00000000d637e410,0x00000000d6380000)
  to   space 512K, 0% used [0x00000000d6380000,0x00000000d6380000,0x00000000d6400000)
 ParOldGen       total 1271808K, used 1270189K [0x0000000080000000, 0x00000000cda00000, 0x00000000d5580000)
  object space 1271808K, 99% used [0x0000000080000000,0x00000000cd86b5a0,0x00000000cda00000)
 Metaspace       used 96292K, committed 98304K, reserved 1179648K
  class space    used 9997K, committed 10880K, reserved 1048576K
}
Event: 782.061 GC heap after
{Heap after GC invocations=2943 (full 5):
 PSYoungGen      total 7168K, used 298K [0x00000000d5580000, 0x00000000d6400000, 0x0000000100000000)
  eden space 6656K, 0% used [0x00000000d5580000,0x00000000d5580000,0x00000000d5c00000)
  from space 512K, 58% used [0x00000000d6380000,0x00000000d63ca910,0x00000000d6400000)
  to   space 512K, 0% used [0x00000000d6300000,0x00000000d6300000,0x00000000d6380000)
 ParOldGen       total 1271808K, used 1270633K [0x0000000080000000, 0x00000000cda00000, 0x00000000d5580000)
  object space 1271808K, 99% used [0x0000000080000000,0x00000000cd8da7b0,0x00000000cda00000)
 Metaspace       used 96292K, committed 98304K, reserved 1179648K
  class space    used 9997K, committed 10880K, reserved 1048576K
}
Event: 783.560 GC heap before
{Heap before GC invocations=2944 (full 5):
 PSYoungGen      total 7168K, used 6938K [0x00000000d5580000, 0x00000000d6400000, 0x0000000100000000)
  eden space 6656K, 99% used [0x00000000d5580000,0x00000000d5bfc1a0,0x00000000d5c00000)
  from space 512K, 58% used [0x00000000d6380000,0x00000000d63ca910,0x00000000d6400000)
  to   space 512K, 0% used [0x00000000d6300000,0x00000000d6300000,0x00000000d6380000)
 ParOldGen       total 1271808K, used 1270633K [0x0000000080000000, 0x00000000cda00000, 0x00000000d5580000)
  object space 1271808K, 99% used [0x0000000080000000,0x00000000cd8da7b0,0x00000000cda00000)
 Metaspace       used 96295K, committed 98304K, reserved 1179648K
  class space    used 9997K, committed 10880K, reserved 1048576K
}
Event: 783.564 GC heap after
{Heap after GC invocations=2944 (full 5):
 PSYoungGen      total 7168K, used 467K [0x00000000d5580000, 0x00000000d6400000, 0x0000000100000000)
  eden space 6656K, 0% used [0x00000000d5580000,0x00000000d5580000,0x00000000d5c00000)
  from space 512K, 91% used [0x00000000d6300000,0x00000000d6374cb0,0x00000000d6380000)
  to   space 512K, 0% used [0x00000000d6380000,0x00000000d6380000,0x00000000d6400000)
 ParOldGen       total 1271808K, used 1270641K [0x0000000080000000, 0x00000000cda00000, 0x00000000d5580000)
  object space 1271808K, 99% used [0x0000000080000000,0x00000000cd8dc7b0,0x00000000cda00000)
 Metaspace       used 96295K, committed 98304K, reserved 1179648K
  class space    used 9997K, committed 10880K, reserved 1048576K
}
Event: 783.723 GC heap before
{Heap before GC invocations=2945 (full 5):
 PSYoungGen      total 7168K, used 7123K [0x00000000d5580000, 0x00000000d6400000, 0x0000000100000000)
  eden space 6656K, 100% used [0x00000000d5580000,0x00000000d5c00000,0x00000000d5c00000)
  from space 512K, 91% used [0x00000000d6300000,0x00000000d6374cb0,0x00000000d6380000)
  to   space 512K, 0% used [0x00000000d6380000,0x00000000d6380000,0x00000000d6400000)
 ParOldGen       total 1271808K, used 1270641K [0x0000000080000000, 0x00000000cda00000, 0x00000000d5580000)
  object space 1271808K, 99% used [0x0000000080000000,0x00000000cd8dc7b0,0x00000000cda00000)
 Metaspace       used 96296K, committed 98304K, reserved 1179648K
  class space    used 9997K, committed 10880K, reserved 1048576K
}
Event: 783.726 GC heap after
{Heap after GC invocations=2945 (full 5):
 PSYoungGen      total 7168K, used 192K [0x00000000d5580000, 0x00000000d6400000, 0x0000000100000000)
  eden space 6656K, 0% used [0x00000000d5580000,0x00000000d5580000,0x00000000d5c00000)
  from space 512K, 37% used [0x00000000d6380000,0x00000000d63b0000,0x00000000d6400000)
  to   space 512K, 0% used [0x00000000d6300000,0x00000000d6300000,0x00000000d6380000)
 ParOldGen       total 1271808K, used 1270905K [0x0000000080000000, 0x00000000cda00000, 0x00000000d5580000)
  object space 1271808K, 99% used [0x0000000080000000,0x00000000cd91e7b0,0x00000000cda00000)
 Metaspace       used 96296K, committed 98304K, reserved 1179648K
  class space    used 9997K, committed 10880K, reserved 1048576K
}
Event: 784.116 GC heap before
{Heap before GC invocations=2946 (full 5):
 PSYoungGen      total 7168K, used 6848K [0x00000000d5580000, 0x00000000d6400000, 0x0000000100000000)
  eden space 6656K, 100% used [0x00000000d5580000,0x00000000d5c00000,0x00000000d5c00000)
  from space 512K, 37% used [0x00000000d6380000,0x00000000d63b0000,0x00000000d6400000)
  to   space 512K, 0% used [0x00000000d6300000,0x00000000d6300000,0x00000000d6380000)
 ParOldGen       total 1271808K, used 1270905K [0x0000000080000000, 0x00000000cda00000, 0x00000000d5580000)
  object space 1271808K, 99% used [0x0000000080000000,0x00000000cd91e7b0,0x00000000cda00000)
 Metaspace       used 96296K, committed 98304K, reserved 1179648K
  class space    used 9997K, committed 10880K, reserved 1048576K
}
Event: 784.120 GC heap after
{Heap after GC invocations=2946 (full 5):
 PSYoungGen      total 7168K, used 224K [0x00000000d5580000, 0x00000000d6400000, 0x0000000100000000)
  eden space 6656K, 0% used [0x00000000d5580000,0x00000000d5580000,0x00000000d5c00000)
  from space 512K, 43% used [0x00000000d6300000,0x00000000d6338000,0x00000000d6380000)
  to   space 512K, 0% used [0x00000000d6380000,0x00000000d6380000,0x00000000d6400000)
 ParOldGen       total 1271808K, used 1270961K [0x0000000080000000, 0x00000000cda00000, 0x00000000d5580000)
  object space 1271808K, 99% used [0x0000000080000000,0x00000000cd92c7b0,0x00000000cda00000)
 Metaspace       used 96296K, committed 98304K, reserved 1179648K
  class space    used 9997K, committed 10880K, reserved 1048576K
}

